  camera.cpp
  window.cpp
D:\Proiect ACG\GameEngine\GameEngine\Camera\camera.h(3,10): error C1083: Cannot open include file: 'glm.hpp': No such file or directory
  (compiling source file 'Camera/camera.cpp')
  
D:\Proiect ACG\GameEngine\GameEngine\Graphics\window.h(2,10): error C1083: Cannot open include file: 'glew.h': No such file or directory
  (compiling source file 'Graphics/window.cpp')
  
  main.cpp
D:\Proiect ACG\GameEngine\GameEngine\Graphics\window.h(2,10): error C1083: Cannot open include file: 'glew.h': No such file or directory
  (compiling source file 'main.cpp')
  
  meshLoaderObj.cpp
D:\Proiect ACG\GameEngine\GameEngine\Model Loading\meshLoaderObj.h(4,10): error C1083: Cannot open include file: 'glew.h': No such file or directory
  (compiling source file 'Model%20Loading/meshLoaderObj.cpp')
  
  mesh.cpp
D:\Proiect ACG\GameEngine\GameEngine\Model Loading\mesh.h(2,10): error C1083: Cannot open include file: 'glm.hpp': No such file or directory
  (compiling source file 'Model%20Loading/mesh.cpp')
  
  shader.cpp
D:\Proiect ACG\GameEngine\GameEngine\Shaders\shader.h(3,10): error C1083: Cannot open include file: 'glew.h': No such file or directory
  (compiling source file 'Shaders/shader.cpp')
  
  texture.cpp
D:\Proiect ACG\GameEngine\GameEngine\Model Loading\texture.h(2,10): error C1083: Cannot open include file: 'glew.h': No such file or directory
  (compiling source file 'Model%20Loading/texture.cpp')
  
  Generating Code...
